<?xml version="1.0" encoding="UTF-8"?>
<!-- Generated by org.testng.reporters.JUnitReportReporter -->
<testsuite hostname="DESKTOP-QIV65KS" failures="0" tests="10" name="testcases.PIMTest" time="41.778" errors="0" timestamp="2025-11-17T20:57:39 IST" skipped="0">
  <testcase classname="testcases.PIMTest" name="testNavigateToPIM" time="0.009"/>
  <testcase classname="testcases.PIMTest" name="testOpenAddEmployee" time="1.032"/>
  <testcase classname="testcases.PIMTest" name="testAddEmployee" time="7.517"/>
  <testcase classname="testcases.PIMTest" name="testMandatoryFieldsValidation" time="3.783"/>
  <testcase classname="testcases.PIMTest" name="testEmpIdAutoGeneration" time="1.946"/>
  <testcase classname="testcases.PIMTest" name="testUploadPhoto" time="2.563"/>
  <testcase classname="testcases.PIMTest" name="testSearchEmployee" time="12.630"/>
  <testcase classname="testcases.PIMTest" name="testInvalidEmployeeSearch" time="5.786"/>
  <testcase classname="testcases.PIMTest" name="testEditEmployee" time="4.739"/>
  <testcase classname="testcases.PIMTest" name="testBackToEmployeeList" time="1.773"/>
</testsuite> <!-- testcases.PIMTest -->
