<?xml version="1.0" encoding="UTF-8"?>
<!-- Generated by org.testng.reporters.JUnitReportReporter -->
<testsuite hostname="DESKTOP-QIV65KS" failures="0" tests="3" name="testcases.LogoutTest" time="13.256" errors="0" timestamp="2025-11-17T20:57:39 IST" skipped="0">
  <testcase classname="testcases.LogoutTest" name="verifyLogoutOptionVisible" time="2.273"/>
  <testcase classname="testcases.LogoutTest" name="verifyUserCanLogout" time="4.129"/>
  <testcase classname="testcases.LogoutTest" name="verifySessionExpires" time="6.854"/>
</testsuite> <!-- testcases.LogoutTest -->
