<?xml version="1.0" encoding="UTF-8"?>
<!-- Generated by org.testng.reporters.JUnitReportReporter -->
<testsuite hostname="DESKTOP-QIV65KS" failures="0" tests="4" name="testcases.DashboardTest" time="14.345" errors="0" timestamp="2025-11-17T20:57:39 IST" skipped="0">
  <testcase classname="testcases.DashboardTest" name="testDashboardLoad" time="1.683"/>
  <testcase classname="testcases.DashboardTest" name="testQuickLaunchNavigation" time="10.008"/>
  <testcase classname="testcases.DashboardTest" name="testProfileDropdownOptions" time="0.548"/>
  <testcase classname="testcases.DashboardTest" name="testSidebarToggle" time="2.106"/>
</testsuite> <!-- testcases.DashboardTest -->
