<?xml version="1.0" encoding="UTF-8"?>
<!-- Generated by org.testng.reporters.JUnitReportReporter -->
<testsuite hostname="DESKTOP-QIV65KS" failures="0" tests="6" name="testcases.LoginTest" time="52.551" errors="0" timestamp="2025-11-17T20:57:39 IST" skipped="0">
  <testcase classname="testcases.LoginTest" name="testBlankFieldLogin" time="6.119"/>
  <testcase classname="testcases.LoginTest" name="testInvaidUsername" time="13.107"/>
  <testcase classname="testcases.LoginTest" name="testWrongPass" time="8.358"/>
  <testcase classname="testcases.LoginTest" name="testValidLogin" time="10.505"/>
  <testcase classname="testcases.LoginTest" name="testPasswordFieldIsMasked" time="7.086"/>
  <testcase classname="testcases.LoginTest" name="testForgotPasswordLink" time="7.376"/>
</testsuite> <!-- testcases.LoginTest -->
