<?xml version="1.0" encoding="UTF-8"?>
<!-- Generated by org.testng.reporters.JUnitXMLReporter -->
<testsuite ignored="0" hostname="DESKTOP-QIV65KS" failures="0" tests="6" name="Test" time="82.334" errors="0" timestamp="2025-11-04T21:46:21 IST">
  <testcase classname="testcases.LoginTest" name="testBlankFieldLogin" time="3.019"/>
  <testcase classname="testcases.LoginTest" name="testInvaidUsername" time="1.89"/>
  <testcase classname="testcases.LoginTest" name="testWrongPass" time="3.286"/>
  <testcase classname="testcases.LoginTest" name="testValidLogin" time="6.478"/>
  <testcase classname="testcases.LoginTest" name="testPasswordFieldIsMasked" time="0.839"/>
  <testcase classname="testcases.LoginTest" name="testForgotPasswordLink" time="0.946"/>
</testsuite> <!-- Test -->
