<?xml version="1.0" encoding="UTF-8"?>
<!-- Generated by org.testng.reporters.JUnitXMLReporter -->
<testsuite ignored="0" hostname="DESKTOP-QIV65KS" failures="0" tests="3" name="Default test" time="25.999" errors="0" timestamp="2025-11-17T19:22:57 IST">
  <testcase classname="testcases.LogoutTest" name="verifyLogoutOptionVisible" time="3.137"/>
  <testcase classname="testcases.LogoutTest" name="verifyUserCanLogout" time="1.456"/>
  <testcase classname="testcases.LogoutTest" name="verifySessionExpires" time="10.641"/>
</testsuite> <!-- Default test -->
