<html>
<head>
<title>TestNG:  Test</title>
<link href="../testng.css" rel="stylesheet" type="text/css" />
<link href="../my-testng.css" rel="stylesheet" type="text/css" />

<style type="text/css">
.log { display: none;} 
.stack-trace { display: none;} 
</style>
<script type="text/javascript">
<!--
function flip(e) {
  current = e.style.display;
  if (current == 'block') {
    e.style.display = 'none';
    return 0;
  }
  else {
    e.style.display = 'block';
    return 1;
  }
}

function toggleBox(szDivId, elem, msg1, msg2)
{
  var res = -1;  if (document.getElementById) {
    res = flip(document.getElementById(szDivId));
  }
  else if (document.all) {
    // this is the way old msie versions work
    res = flip(document.all[szDivId]);
  }
  if(elem) {
    if(res == 0) elem.innerHTML = msg1; else elem.innerHTML = msg2;
  }

}

function toggleAllBoxes() {
  if (document.getElementsByTagName) {
    d = document.getElementsByTagName('div');
    for (i = 0; i < d.length; i++) {
      if (d[i].className == 'log') {
        flip(d[i]);
      }
    }
  }
}

// -->
</script>

</head>
<body>
<h2 align='center'>Test</h2><table border='1' align="center">
<tr>
<td>Tests passed/Failed/Skipped:</td><td>26/1/0</td>
</tr><tr>
<td>Started on:</td><td>Mon Nov 17 20:54:08 IST 2025</td>
</tr>
<tr><td>Total time:</td><td>211 seconds (211519 ms)</td>
</tr><tr>
<td>Included groups:</td><td></td>
</tr><tr>
<td>Excluded groups:</td><td></td>
</tr>
</table><p/>
<small><i>(Hover the method name to see the test class name)</i></small><p/>
<table width='100%' border='1' class='invocation-failed'>
<tr><td colspan='4' align='center'><b>FAILED TESTS</b></td></tr>
<tr><td><b>Test method</b></td>
<td><b>Attribute(s)</b></td>
<td width="30%"><b>Exception</b></td>
<td width="10%"><b>Time (seconds)</b></td>
<td><b>Instance</b></td>
</tr>
<tr>
<td title='testcases.AdminTest.testSearchEmployeeByName()'><b>testSearchEmployeeByName</b><br>Test class: testcases.AdminTest<br>Test method: Verify search by employee name</td>
<td><div><pre>org.openqa.selenium.TimeoutException: Expected condition failed: waiting for visibility of element located by By.xpath: //div[@role=&apos;option&apos;]//span[contains(text(),&apos;Timothy Amiano&apos;)] (tried for 20 second(s) with 500 milliseconds interval)
Build info: version: &apos;4.25.0&apos;, revision: &apos;8a8aea2337&apos;
System info: os.name: &apos;Windows 11&apos;, os.arch: &apos;amd64&apos;, os.version: &apos;10.0&apos;, java.version: &apos;22.0.1&apos;
Driver info: org.openqa.selenium.chrome.ChromeDriver
Capabilities {acceptInsecureCerts: false, browserName: chrome, browserVersion: 142.0.7444.163, chrome: {chromedriverVersion: 142.0.7444.162 (c076baf266c..., userDataDir: C:\Users\barsh\AppData\Loca...}, fedcm:accounts: true, goog:chromeOptions: {debuggerAddress: localhost:56068}, goog:processID: 19288, networkConnectionEnabled: false, pageLoadStrategy: normal, platformName: windows, proxy: Proxy(), se:cdp: ws://localhost:56068/devtoo..., se:cdpVersion: 142.0.7444.163, setWindowRect: true, strictFileInteractability: false, timeouts: {implicit: 0, pageLoad: 300000, script: 30000}, unhandledPromptBehavior: dismiss and notify, webauthn:extension:credBlob: true, webauthn:extension:largeBlob: true, webauthn:extension:minPinLength: true, webauthn:extension:prf: true, webauthn:virtualAuthenticators: true}
Session ID: d7bebbf6230ba7f8447103be04ad68c6
	at org.openqa.selenium.support.ui.WebDriverWait.timeoutException(WebDriverWait.java:84)
	at org.openqa.selenium.support.ui.FluentWait.until(FluentWait.java:228)
	at pages.AdminPage.searchEmployeeByName(AdminPage.java:90)
	at testcases.AdminTest.testSearchEmployeeByName(AdminTest.java:55)
	at java.base/java.util.ArrayList.forEach(ArrayList.java:1597)
... Removed 25 stack frames</pre></div><a href='#' onClick='toggleBox("stack-trace1208702946", this, "Click to show all stack frames", "Click to hide stack frames")'>Click to show all stack frames</a>
<div class='stack-trace' id='stack-trace1208702946'><pre>org.openqa.selenium.TimeoutException: Expected condition failed: waiting for visibility of element located by By.xpath: //div[@role=&apos;option&apos;]//span[contains(text(),&apos;Timothy Amiano&apos;)] (tried for 20 second(s) with 500 milliseconds interval)
Build info: version: &apos;4.25.0&apos;, revision: &apos;8a8aea2337&apos;
System info: os.name: &apos;Windows 11&apos;, os.arch: &apos;amd64&apos;, os.version: &apos;10.0&apos;, java.version: &apos;22.0.1&apos;
Driver info: org.openqa.selenium.chrome.ChromeDriver
Capabilities {acceptInsecureCerts: false, browserName: chrome, browserVersion: 142.0.7444.163, chrome: {chromedriverVersion: 142.0.7444.162 (c076baf266c..., userDataDir: C:\Users\barsh\AppData\Loca...}, fedcm:accounts: true, goog:chromeOptions: {debuggerAddress: localhost:56068}, goog:processID: 19288, networkConnectionEnabled: false, pageLoadStrategy: normal, platformName: windows, proxy: Proxy(), se:cdp: ws://localhost:56068/devtoo..., se:cdpVersion: 142.0.7444.163, setWindowRect: true, strictFileInteractability: false, timeouts: {implicit: 0, pageLoad: 300000, script: 30000}, unhandledPromptBehavior: dismiss and notify, webauthn:extension:credBlob: true, webauthn:extension:largeBlob: true, webauthn:extension:minPinLength: true, webauthn:extension:prf: true, webauthn:virtualAuthenticators: true}
Session ID: d7bebbf6230ba7f8447103be04ad68c6
	at org.openqa.selenium.support.ui.WebDriverWait.timeoutException(WebDriverWait.java:84)
	at org.openqa.selenium.support.ui.FluentWait.until(FluentWait.java:228)
	at pages.AdminPage.searchEmployeeByName(AdminPage.java:90)
	at testcases.AdminTest.testSearchEmployeeByName(AdminTest.java:55)
	at java.base/jdk.internal.reflect.DirectMethodHandleAccessor.invoke(DirectMethodHandleAccessor.java:103)
	at java.base/java.lang.reflect.Method.invoke(Method.java:580)
	at org.testng.internal.invokers.MethodInvocationHelper.invokeMethod(MethodInvocationHelper.java:141)
	at org.testng.internal.invokers.TestInvoker.invokeMethod(TestInvoker.java:687)
	at org.testng.internal.invokers.TestInvoker.invokeTestMethod(TestInvoker.java:230)
	at org.testng.internal.invokers.MethodRunner.runInSequence(MethodRunner.java:63)
	at org.testng.internal.invokers.TestInvoker$MethodInvocationAgent.invoke(TestInvoker.java:995)
	at org.testng.internal.invokers.TestInvoker.invokeTestMethods(TestInvoker.java:203)
	at org.testng.internal.invokers.TestMethodWorker.invokeTestMethods(TestMethodWorker.java:154)
	at org.testng.internal.invokers.TestMethodWorker.run(TestMethodWorker.java:134)
	at java.base/java.util.ArrayList.forEach(ArrayList.java:1597)
	at org.testng.TestRunner.privateRun(TestRunner.java:741)
	at org.testng.TestRunner.run(TestRunner.java:616)
	at org.testng.SuiteRunner.runTest(SuiteRunner.java:421)
	at org.testng.SuiteRunner.runSequentially(SuiteRunner.java:413)
	at org.testng.SuiteRunner.privateRun(SuiteRunner.java:373)
	at org.testng.SuiteRunner.run(SuiteRunner.java:312)
	at org.testng.SuiteRunnerWorker.runSuite(SuiteRunnerWorker.java:52)
	at org.testng.SuiteRunnerWorker.run(SuiteRunnerWorker.java:95)
	at org.testng.TestNG.runSuitesSequentially(TestNG.java:1274)
	at org.testng.TestNG.runSuitesLocally(TestNG.java:1208)
	at org.testng.TestNG.runSuites(TestNG.java:1112)
	at org.testng.TestNG.run(TestNG.java:1079)
	at org.testng.remote.AbstractRemoteTestNG.run(AbstractRemoteTestNG.java:115)
	at org.testng.remote.RemoteTestNG.initAndRun(RemoteTestNG.java:293)
	at org.testng.remote.RemoteTestNG.main(RemoteTestNG.java:91)
</pre></div></td>
<td>31</td>
<td>testcases.AdminTest@7d900ecf</td></tr>
</table><p>
<table width='100%' border='1' class='invocation-passed'>
<tr><td colspan='4' align='center'><b>PASSED TESTS</b></td></tr>
<tr><td><b>Test method</b></td>
<td><b>Attribute(s)</b></td>
<td width="30%"><b>Exception</b></td>
<td width="10%"><b>Time (seconds)</b></td>
<td><b>Instance</b></td>
</tr>
<tr>
<td title='testcases.LogoutTest.verifyLogoutOptionVisible()'><b>verifyLogoutOptionVisible</b><br>Test class: testcases.LogoutTest<br>Test method: TC_LOGOUT_03 - Verify logout option visible</td>
<td></td>
<td>2</td>
<td>testcases.LogoutTest@6f01b95f</td></tr>
<tr>
<td title='testcases.LoginTest.testInvaidUsername()'><b>testInvaidUsername</b><br>Test class: testcases.LoginTest<br>Test method:  TC_LOGIN_02 - Validate login with invalid username</td>
<td></td>
<td>2</td>
<td>testcases.LoginTest@5386659f</td></tr>
<tr>
<td title='testcases.PIMTest.testSearchEmployee()'><b>testSearchEmployee</b><br>Test class: testcases.PIMTest<br>Test method: TC_PIM_08 - Validate employee search by name.</td>
<td></td>
<td>12</td>
<td>testcases.PIMTest@5c80cf32</td></tr>
<tr>
<td title='testcases.AdminTest.verifyUserRolesDisplayed()'><b>verifyUserRolesDisplayed</b><br>Test class: testcases.AdminTest<br>Test method: TC_ADMIN_03 - Verify user roles displayed</td>
<td></td>
<td>1</td>
<td>testcases.AdminTest@7d900ecf</td></tr>
<tr>
<td title='testcases.PIMTest.testBackToEmployeeList()'><b>testBackToEmployeeList</b><br>Test class: testcases.PIMTest<br>Test method: navigation back to Employee List after saving employee details.</td>
<td></td>
<td>1</td>
<td>testcases.PIMTest@5c80cf32</td></tr>
<tr>
<td title='testcases.DashboardTest.testSidebarToggle()'><b>testSidebarToggle</b><br>Test class: testcases.DashboardTest<br>Test method: TC_DASHBOARD_04 - Verify sidebar expand and collapse</td>
<td></td>
<td>2</td>
<td>testcases.DashboardTest@6f53b8a</td></tr>
<tr>
<td title='testcases.LoginTest.testValidLogin()'><b>testValidLogin</b><br>Test class: testcases.LoginTest<br>Test method:  TC_LOGIN_06 - Validate login with valid credentials</td>
<td></td>
<td>5</td>
<td>testcases.LoginTest@5386659f</td></tr>
<tr>
<td title='testcases.PIMTest.testEmpIdAutoGeneration()'><b>testEmpIdAutoGeneration</b><br>Test class: testcases.PIMTest<br>Test method: TC_PIM_06 - Validate employee ID auto-generation.</td>
<td></td>
<td>1</td>
<td>testcases.PIMTest@5c80cf32</td></tr>
<tr>
<td title='testcases.DashboardTest.testProfileDropdownOptions()'><b>testProfileDropdownOptions</b><br>Test class: testcases.DashboardTest<br>Test method: TC_DASHBOARD_03 - Verify profile dropdown options</td>
<td></td>
<td>0</td>
<td>testcases.DashboardTest@6f53b8a</td></tr>
<tr>
<td title='testcases.LoginTest.testBlankFieldLogin()'><b>testBlankFieldLogin</b><br>Test class: testcases.LoginTest<br>Test method:  TC_LOGIN_01 - Validate login with empty fields</td>
<td></td>
<td>0</td>
<td>testcases.LoginTest@5386659f</td></tr>
<tr>
<td title='testcases.PIMTest.testMandatoryFieldsValidation()'><b>testMandatoryFieldsValidation</b><br>Test class: testcases.PIMTest<br>Test method: TC_PIM_04 - Validate that mandatory field validation messages are displayed.</td>
<td></td>
<td>3</td>
<td>testcases.PIMTest@5c80cf32</td></tr>
<tr>
<td title='testcases.LoginTest.testForgotPasswordLink()'><b>testForgotPasswordLink</b><br>Test class: testcases.LoginTest<br>Test method: TC_LOGIN_05 - Validate forgot password page opens</td>
<td></td>
<td>2</td>
<td>testcases.LoginTest@5386659f</td></tr>
<tr>
<td title='testcases.PIMTest.testNavigateToPIM()'><b>testNavigateToPIM</b><br>Test class: testcases.PIMTest<br>Test method: TC_PIM_01 - Validate if user can navigate to the PIM module successfully.</td>
<td></td>
<td>0</td>
<td>testcases.PIMTest@5c80cf32</td></tr>
<tr>
<td title='testcases.AdminTest.verifySearchUser()'><b>verifySearchUser</b><br>Test class: testcases.AdminTest<br>Test method: TC_ADMIN_02 - Verify searching for a user</td>
<td></td>
<td>3</td>
<td>testcases.AdminTest@7d900ecf</td></tr>
<tr>
<td title='testcases.PIMTest.testInvalidEmployeeSearch()'><b>testInvalidEmployeeSearch</b><br>Test class: testcases.PIMTest<br>Test method: TC_PIM_09 - Validate that searching invalid employee shows 'No Records Found'.</td>
<td></td>
<td>5</td>
<td>testcases.PIMTest@5c80cf32</td></tr>
<tr>
<td title='testcases.AdminTest.verifyNavigationToAdmin()'><b>verifyNavigationToAdmin</b><br>Test class: testcases.AdminTest<br>Test method: TC_ADMIN_01 - Verify navigation to Admin module</td>
<td></td>
<td>10</td>
<td>testcases.AdminTest@7d900ecf</td></tr>
<tr>
<td title='testcases.LogoutTest.verifySessionExpires()'><b>verifySessionExpires</b><br>Test class: testcases.LogoutTest<br>Test method: TC_LOGOUT_02 - Verify session expires</td>
<td></td>
<td>6</td>
<td>testcases.LogoutTest@6f01b95f</td></tr>
<tr>
<td title='testcases.DashboardTest.testDashboardLoad()'><b>testDashboardLoad</b><br>Test class: testcases.DashboardTest<br>Test method: TC_DASHBOARD_01 - Validate Dashboard loads correctly after successful login</td>
<td></td>
<td>1</td>
<td>testcases.DashboardTest@6f53b8a</td></tr>
<tr>
<td title='testcases.PIMTest.testUploadPhoto()'><b>testUploadPhoto</b><br>Test class: testcases.PIMTest<br>Test method: TC_PIM_05 - Validate profile photo upload functionality.</td>
<td></td>
<td>2</td>
<td>testcases.PIMTest@5c80cf32</td></tr>
<tr>
<td title='testcases.LoginTest.testPasswordFieldIsMasked()'><b>testPasswordFieldIsMasked</b><br>Test class: testcases.LoginTest<br>Test method: TC_LOGIN_04 - Validate that the password field is masked</td>
<td></td>
<td>0</td>
<td>testcases.LoginTest@5386659f</td></tr>
<tr>
<td title='testcases.DashboardTest.testQuickLaunchNavigation()'><b>testQuickLaunchNavigation</b><br>Test class: testcases.DashboardTest<br>Test method: TC_DASHBOARD_02 - Validate Quick Launch navigation</td>
<td></td>
<td>10</td>
<td>testcases.DashboardTest@6f53b8a</td></tr>
<tr>
<td title='testcases.LogoutTest.verifyUserCanLogout()'><b>verifyUserCanLogout</b><br>Test class: testcases.LogoutTest<br>Test method: TC_LOGOUT_01 - Verify user can logout</td>
<td></td>
<td>4</td>
<td>testcases.LogoutTest@6f01b95f</td></tr>
<tr>
<td title='testcases.PIMTest.testOpenAddEmployee()'><b>testOpenAddEmployee</b><br>Test class: testcases.PIMTest<br>Test method: TC_PIM_02 - Validate that Add Employee page opens successfully.</td>
<td></td>
<td>1</td>
<td>testcases.PIMTest@5c80cf32</td></tr>
<tr>
<td title='testcases.PIMTest.testAddEmployee()'><b>testAddEmployee</b><br>Test class: testcases.PIMTest<br>Test method: TC_PIM_03 - Validate that new employee can be added successfully.</td>
<td></td>
<td>7</td>
<td>testcases.PIMTest@5c80cf32</td></tr>
<tr>
<td title='testcases.PIMTest.testEditEmployee()'><b>testEditEmployee</b><br>Test class: testcases.PIMTest<br>Test method: TC_PIM_10 - Validate that employee details can be edited successfully.</td>
<td></td>
<td>4</td>
<td>testcases.PIMTest@5c80cf32</td></tr>
<tr>
<td title='testcases.LoginTest.testWrongPass()'><b>testWrongPass</b><br>Test class: testcases.LoginTest<br>Test method:  TC_LOGIN_03 - Validate login with wrong password</td>
<td></td>
<td>2</td>
<td>testcases.LoginTest@5386659f</td></tr>
</table><p>
</body>
</html>