<?xml version="1.0" encoding="UTF-8"?>
<!-- Generated by org.testng.reporters.JUnitXMLReporter -->
<testsuite ignored="0" hostname="DESKTOP-QIV65KS" failures="1" tests="27" name="Test" time="211.519" errors="0" timestamp="2025-11-17T20:57:39 IST">
  <testcase classname="testcases.LoginTest" name="testBlankFieldLogin" time="0.86"/>
  <testcase classname="testcases.LoginTest" name="testInvaidUsername" time="2.571"/>
  <testcase classname="testcases.LoginTest" name="testWrongPass" time="2.788"/>
  <testcase classname="testcases.LoginTest" name="testValidLogin" time="5.699"/>
  <testcase classname="testcases.LoginTest" name="testPasswordFieldIsMasked" time="0.543"/>
  <testcase classname="testcases.LoginTest" name="testForgotPasswordLink" time="2.293"/>
  <testcase classname="testcases.DashboardTest" name="testDashboardLoad" time="1.683"/>
  <testcase classname="testcases.DashboardTest" name="testQuickLaunchNavigation" time="10.008"/>
  <testcase classname="testcases.DashboardTest" name="testProfileDropdownOptions" time="0.548"/>
  <testcase classname="testcases.DashboardTest" name="testSidebarToggle" time="2.106"/>
  <testcase classname="testcases.PIMTest" name="testNavigateToPIM" time="0.009"/>
  <testcase classname="testcases.PIMTest" name="testOpenAddEmployee" time="1.032"/>
  <testcase classname="testcases.PIMTest" name="testAddEmployee" time="7.517"/>
  <testcase classname="testcases.PIMTest" name="testMandatoryFieldsValidation" time="3.783"/>
  <testcase classname="testcases.PIMTest" name="testEmpIdAutoGeneration" time="1.946"/>
  <testcase classname="testcases.PIMTest" name="testUploadPhoto" time="2.563"/>
  <testcase classname="testcases.PIMTest" name="testSearchEmployee" time="12.63"/>
  <testcase classname="testcases.PIMTest" name="testInvalidEmployeeSearch" time="5.786"/>
  <testcase classname="testcases.PIMTest" name="testEditEmployee" time="4.739"/>
  <testcase classname="testcases.PIMTest" name="testBackToEmployeeList" time="1.773"/>
  <testcase classname="testcases.AdminTest" name="verifyNavigationToAdmin" time="10.106"/>
  <testcase classname="testcases.AdminTest" name="verifySearchUser" time="3.133"/>
  <testcase classname="testcases.AdminTest" name="verifyUserRolesDisplayed" time="1.649"/>
  <testcase classname="testcases.AdminTest" name="testSearchEmployeeByName" time="31.669">
    <failure type="org.openqa.selenium.TimeoutException" message="Expected condition failed: waiting for visibility of element located by By.xpath: //div[@role=&amp;apos;option&amp;apos;]//span[contains(text(),&amp;apos;Timothy Amiano&amp;apos;)] (tried for 20 second(s) with 500 milliseconds interval)
Build info: version: &amp;apos;4.25.0&amp;apos;, revision: &amp;apos;8a8aea2337&amp;apos;
System info: os.name: &amp;apos;Windows 11&amp;apos;, os.arch: &amp;apos;amd64&amp;apos;, os.version: &amp;apos;10.0&amp;apos;, java.version: &amp;apos;22.0.1&amp;apos;
Driver info: org.openqa.selenium.chrome.ChromeDriver
Capabilities {acceptInsecureCerts: false, browserName: chrome, browserVersion: 142.0.7444.163, chrome: {chromedriverVersion: 142.0.7444.162 (c076baf266c..., userDataDir: C:\Users\barsh\AppData\Loca...}, fedcm:accounts: true, goog:chromeOptions: {debuggerAddress: localhost:56068}, goog:processID: 19288, networkConnectionEnabled: false, pageLoadStrategy: normal, platformName: windows, proxy: Proxy(), se:cdp: ws://localhost:56068/devtoo..., se:cdpVersion: 142.0.7444.163, setWindowRect: true, strictFileInteractability: false, timeouts: {implicit: 0, pageLoad: 300000, script: 30000}, unhandledPromptBehavior: dismiss and notify, webauthn:extension:credBlob: true, webauthn:extension:largeBlob: true, webauthn:extension:minPinLength: true, webauthn:extension:prf: true, webauthn:virtualAuthenticators: true}
Session ID: d7bebbf6230ba7f8447103be04ad68c6">
      <![CDATA[org.openqa.selenium.TimeoutException: Expected condition failed: waiting for visibility of element located by By.xpath: //div[@role='option']//span[contains(text(),'Timothy Amiano')] (tried for 20 second(s) with 500 milliseconds interval)
Build info: version: '4.25.0', revision: '8a8aea2337'
System info: os.name: 'Windows 11', os.arch: 'amd64', os.version: '10.0', java.version: '22.0.1'
Driver info: org.openqa.selenium.chrome.ChromeDriver
Capabilities {acceptInsecureCerts: false, browserName: chrome, browserVersion: 142.0.7444.163, chrome: {chromedriverVersion: 142.0.7444.162 (c076baf266c..., userDataDir: C:\Users\barsh\AppData\Loca...}, fedcm:accounts: true, goog:chromeOptions: {debuggerAddress: localhost:56068}, goog:processID: 19288, networkConnectionEnabled: false, pageLoadStrategy: normal, platformName: windows, proxy: Proxy(), se:cdp: ws://localhost:56068/devtoo..., se:cdpVersion: 142.0.7444.163, setWindowRect: true, strictFileInteractability: false, timeouts: {implicit: 0, pageLoad: 300000, script: 30000}, unhandledPromptBehavior: dismiss and notify, webauthn:extension:credBlob: true, webauthn:extension:largeBlob: true, webauthn:extension:minPinLength: true, webauthn:extension:prf: true, webauthn:virtualAuthenticators: true}
Session ID: d7bebbf6230ba7f8447103be04ad68c6
at org.openqa.selenium.support.ui.WebDriverWait.timeoutException(WebDriverWait.java:84)
at org.openqa.selenium.support.ui.FluentWait.until(FluentWait.java:228)
at pages.AdminPage.searchEmployeeByName(AdminPage.java:90)
at testcases.AdminTest.testSearchEmployeeByName(AdminTest.java:55)
at java.base/java.util.ArrayList.forEach(ArrayList.java:1597)
... Removed 25 stack frames]]>
    </failure>
  </testcase> <!-- testSearchEmployeeByName -->
  <testcase classname="testcases.LogoutTest" name="verifyLogoutOptionVisible" time="2.273"/>
  <testcase classname="testcases.LogoutTest" name="verifyUserCanLogout" time="4.129"/>
  <testcase classname="testcases.LogoutTest" name="verifySessionExpires" time="6.854"/>
</testsuite> <!-- Test -->
